{
  "RSpec": {
    "coverage": {
      "/Users/amirol/Documents/Osem Network/mramirol/config/environment.rb": [
        null,
        1,
        null,
        null,
        1
      ],
      "/Users/amirol/Documents/Osem Network/mramirol/config/application.rb": [
        1,
        null,
        1,
        null,
        1,
        1,
        1,
        1,
        1,
        1,
        1,
        null,
        null,
        null,
        null,
        1,
        null,
        1,
        1,
        null,
        null,
        null,
        null,
        null,
        null,
        null,
        null,
        null,
        null,
        null,
        null,
        null,
        1,
        null,
        null
      ],
      "/Users/amirol/Documents/Osem Network/mramirol/config/boot.rb": [
        1,
        null,
        1
      ],
      "/Users/amirol/Documents/Osem Network/mramirol/config/initializers/config.rb": [
        1,
        0,
        null
      ],
      "/Users/amirol/Documents/Osem Network/mramirol/config/environments/test.rb": [
        1,
        null,
        null,
        null,
        null,
        null,
        null,
        1,
        null,
        null,
        null,
        null,
        1,
        null,
        null,
        1,
        1,
        null,
        null,
        1,
        1,
        null,
        null,
        1,
        null,
        null,
        1,
        null,
        null,
        null,
        null,
        1,
        null,
        null,
        1,
        null,
        null,
        1,
        null,
        null,
        null,
        null
      ],
      "/Users/amirol/Documents/Osem Network/mramirol/config/initializers/assets.rb": [
        null,
        null,
        null,
        1,
        null,
        null,
        null,
        null,
        null,
        null,
        null
      ],
      "/Users/amirol/Documents/Osem Network/mramirol/config/initializers/backtrace_silencers.rb": [
        null,
        null,
        null,
        null,
        null,
        null,
        null
      ],
      "/Users/amirol/Documents/Osem Network/mramirol/config/initializers/cookies_serializer.rb": [
        null,
        null,
        1
      ],
      "/Users/amirol/Documents/Osem Network/mramirol/config/initializers/filter_parameter_logging.rb": [
        null,
        null,
        null,
        1
      ],
      "/Users/amirol/Documents/Osem Network/mramirol/config/initializers/inflections.rb": [
        null,
        null,
        null,
        null,
        null,
        null,
        null,
        null,
        null,
        null,
        null,
        null,
        null,
        null,
        null,
        null
      ],
      "/Users/amirol/Documents/Osem Network/mramirol/config/initializers/mime_types.rb": [
        null,
        null,
        null,
        null
      ],
      "/Users/amirol/Documents/Osem Network/mramirol/config/initializers/session_store.rb": [
        null,
        null,
        1
      ],
      "/Users/amirol/Documents/Osem Network/mramirol/config/initializers/wrap_parameters.rb": [
        null,
        null,
        null,
        null,
        null,
        null,
        1,
        1,
        null,
        null,
        null,
        null,
        null,
        null
      ],
      "/Users/amirol/Documents/Osem Network/mramirol/config/routes.rb": [
        1,
        1,
        null
      ],
      "/Users/amirol/Documents/Osem Network/mramirol/app/helpers/application_helper.rb": [
        1,
        null
      ],
      "/Users/amirol/Documents/Osem Network/mramirol/app/helpers/pages_helper.rb": [
        1,
        null
      ],
      "/Users/amirol/Documents/Osem Network/mramirol/app/controllers/pages_controller.rb": [
        1,
        1,
        null,
        null
      ],
      "/Users/amirol/Documents/Osem Network/mramirol/app/controllers/application_controller.rb": [
        1,
        null,
        null,
        1,
        null
      ]
    },
    "timestamp": 1449166662
  }
}
